Build started 25.11.2015 21:31:42.
     1>Project "D:\МГ\RayTracer\src\RayTracer.vcxproj" on node 2 (build target(s)).
     1>InitializeBuildStatus:
         Creating "Debug\RayTracer.unsuccessfulbuild" because "AlwaysCreate" was specified.
       ClCompile:
         C:\Program Files (x86)\Microsoft Visual Studio 10.0\VC\bin\CL.exe /c /I..\glm /ZI /nologo /W3 /WX- /Od /Oy- /D WIN32 /D _DEBUG /D _CONSOLE /D _MBCS /Gm /EHsc /RTC1 /MDd /GS /fp:precise /Zc:wchar_t /Zc:forScope /Fo"Debug\\" /Fd"Debug\vc100.pdb" /Gd /TP /analyze- /errorReport:prompt Tracer.cpp
         Tracer.cpp
     1>d:\мг\raytracer\src\tracer.cpp(74): warning C4244: 'initializing' : conversion from 'double' to 'int', possible loss of data
     1>d:\мг\raytracer\src\tracer.cpp(125): warning C4244: '=' : conversion from 'double' to 'int', possible loss of data
     1>d:\мг\raytracer\src\tracer.cpp(126): warning C4244: '=' : conversion from 'double' to 'int', possible loss of data
     1>d:\мг\raytracer\src\tracer.cpp(165): warning C4244: '=' : conversion from 'double' to 'int', possible loss of data
     1>d:\мг\raytracer\src\tracer.cpp(166): warning C4244: '=' : conversion from 'double' to 'int', possible loss of data
     1>d:\мг\raytracer\src\tracer.cpp(72): warning C4101: 'leng' : unreferenced local variable
     1>d:\мг\raytracer\src\tracer.cpp(187): warning C4244: '=' : conversion from 'double' to 'float', possible loss of data
     1>d:\мг\raytracer\src\tracer.cpp(188): warning C4244: '=' : conversion from 'double' to 'float', possible loss of data
     1>d:\мг\raytracer\src\tracer.cpp(270): warning C4244: '=' : conversion from 'float' to 'unsigned char', possible loss of data
     1>d:\мг\raytracer\src\tracer.cpp(271): warning C4244: '=' : conversion from 'float' to 'unsigned char', possible loss of data
     1>d:\мг\raytracer\src\tracer.cpp(272): warning C4244: '=' : conversion from 'float' to 'unsigned char', possible loss of data
       ManifestResourceCompile:
         All outputs are up-to-date.
       Link:
         C:\Program Files (x86)\Microsoft Visual Studio 10.0\VC\bin\link.exe /ERRORREPORT:PROMPT /OUT:"D:\МГ\RayTracer\src\..\bin\RayTracer.exe" /INCREMENTAL /NOLOGO kernel32.lib user32.lib gdi32.lib winspool.lib comdlg32.lib advapi32.lib shell32.lib ole32.lib oleaut32.lib uuid.lib odbc32.lib odbccp32.lib /MANIFEST /ManifestFile:"Debug\RayTracer.exe.intermediate.manifest" /MANIFESTUAC:"level='asInvoker' uiAccess='false'" /DEBUG /PDB:"D:\МГ\RayTracer\bin\RayTracer.pdb" /SUBSYSTEM:CONSOLE /TLBID:1 /DYNAMICBASE /NXCOMPAT /IMPLIB:"D:\МГ\RayTracer\src\..\bin\RayTracer.lib" /MACHINE:X86 Debug\RayTracer.exe.embed.manifest.res
         Debug\Main.obj
         Debug\Scene.obj
         Debug\Tracer.obj
       Manifest:
         C:\Program Files (x86)\Microsoft SDKs\Windows\v7.0A\bin\mt.exe /nologo /verbose /out:"Debug\RayTracer.exe.embed.manifest" /manifest Debug\RayTracer.exe.intermediate.manifest
         All outputs are up-to-date.
       LinkEmbedManifest:
         All outputs are up-to-date.
         RayTracer.vcxproj -> D:\МГ\RayTracer\src\..\bin\RayTracer.exe
       FinalizeBuildStatus:
         Deleting file "Debug\RayTracer.unsuccessfulbuild".
         Touching "Debug\RayTracer.lastbuildstate".
     1>Done Building Project "D:\МГ\RayTracer\src\RayTracer.vcxproj" (build target(s)).

Build succeeded.

Time Elapsed 00:00:07.16
